<?xml version="1.0" encoding="utf-8"?><testsuites name="pytest tests"><testsuite name="pytest" errors="0" failures="0" skipped="5" tests="200" time="120.673" timestamp="2026-08-24T19:26:34.469179+08:00" hostname="DESKTOP-45AH838"><testcase classname="tests.resonance.test_ensemble_side_channels" name="test_ensemble_passes_side_signals" time="0.506" /><testcase classname="tests.resonance.test_ensemble_side_channels" name="test_side_signals_affect_round2" time="0.604" /><testcase classname="tests.resonance.test_ensemble_state_dict" name="test_state_dict_roundtrip_field" time="0.738" /><testcase classname="tests.resonance.test_ensemble_state_dict" name="test_state_dict_includes_cross_spec_mixed" time="0.691" /><testcase classname="tests.resonance.test_ensemble_state_dict" name="test_load_state_dict_skips_missing_module" time="0.683" /><testcase classname="tests.resonance.test_ensemble_state_dict" name="test_load_state_dict_skips_unknown_neuron" time="0.685" /><testcase classname="tests.resonance.test_forward_train_smoke" name="test_forward_train_smoke" time="0.552" /><testcase classname="tests.resonance.test_real_checkpoint_slow" name="test_collab_ckpt_field_w_cond_contract" time="0.002"><skipped type="pytest.skip" message="ckpt 不存在: E:\Seed\data\neurons\hub_collab_v2.ckpt.pt">E:\Seed\tests\resonance\test_real_checkpoint_slow.py:29: ckpt 不存在: E:\Seed\data\neurons\hub_collab_v2.ckpt.pt</skipped></testcase><testcase classname="tests.resonance.test_real_checkpoint_slow" name="test_hub_ckpt_spec_contract" time="0.001"><skipped type="pytest.skip" message="ckpt 不存在: E:\Seed\data\hub_neuron\neuron_hub.pt">E:\Seed\tests\resonance\test_real_checkpoint_slow.py:29: ckpt 不存在: E:\Seed\data\hub_neuron\neuron_hub.pt</skipped></testcase><testcase classname="tests.resonance.test_real_checkpoint_slow" name="test_dialogue_std0_ckpt_loadable" time="0.001"><skipped type="pytest.skip" message="ckpt 不存在: E:\Seed\data\neurons\neuron_zh_std0_dialogue.pt">E:\Seed\tests\resonance\test_real_checkpoint_slow.py:29: ckpt 不存在: E:\Seed\data\neurons\neuron_zh_std0_dialogue.pt</skipped></testcase><testcase classname="tests.resonance.test_real_checkpoint_slow" name="test_memory_component_products" time="0.001"><skipped type="pytest.skip" message="ckpt 不存在: E:\Seed\taiji_data\sleep_data\write_gate.pt">E:\Seed\tests\resonance\test_real_checkpoint_slow.py:29: ckpt 不存在: E:\Seed\taiji_data\sleep_data\write_gate.pt</skipped></testcase><testcase classname="tests.resonance.test_side_channels" name="test_establish_side_channel" time="0.425" /><testcase classname="tests.resonance.test_side_channels" name="test_establish_inhibit_channel" time="0.404" /><testcase classname="tests.resonance.test_side_channels" name="test_forward_with_side_signals_changes_output" time="0.410" /><testcase classname="tests.resonance.test_side_channels" name="test_forward_without_side_signals" time="0.292" /><testcase classname="tests.seed.test_chat_strategy_boundary" name="test_chat_strategy_does_not_import_legacy_when_disabled" time="0.280" /><testcase classname="tests.seed.test_legacy_plugin_gate" name="test_legacy_plugin_can_be_disabled" time="0.001" /><testcase classname="tests.seed.test_legacy_plugin_gate" name="test_disabled_legacy_progress_reports_seed_runtime" time="0.001" /><testcase classname="tests.seed.test_legacy_plugin_gate" name="test_legacy_plugin_requires_runtime_dependency" time="0.001" /><testcase classname="tests.seed.test_legacy_plugin_gate" name="test_legacy_cli_loader_is_gated" time="0.002" /><testcase classname="tests.seed.test_native_dataset_contract" name="test_native_jsonl_report_matches_streaming_training_contract" time="0.002" /><testcase classname="tests.seed.test_native_dataset_contract" name="test_native_dataset_report_exposes_invalid_records" time="0.001" /><testcase classname="tests.seed.test_native_dataset_contract" name="test_native_recommendation_returns_capacity_not_transformer_shape" time="0.007" /><testcase classname="tests.seed.test_native_dataset_contract" name="test_recommendation_rejects_unknown_native_preset" time="0.001" /><testcase classname="tests.seed.test_native_dataset_contract" name="test_training_recommendation_has_no_legacy_runtime_reference" time="0.001" /><testcase classname="tests.seed.test_native_dataset_contract" name="test_native_training_route_is_registered" time="0.001" /><testcase classname="tests.seed.test_no_legacy_startup_smoke" name="test_api_starts_without_legacy_imports" time="1.364" /><testcase classname="tests.seed.test_no_legacy_startup_smoke" name="test_api_starts_with_legacy_enabled" time="1.441" /><testcase classname="tests.seed.test_platform_auth" name="test_jwt_roundtrip_and_refresh_are_platform_owned" time="0.002" /><testcase classname="tests.seed.test_platform_auth" name="test_auth_service_delegates_to_platform_manager" time="0.001" /><testcase classname="tests.seed.test_platform_auth" name="test_legacy_auth_import_is_compatibility_export" time="0.002" /><testcase classname="tests.seed.test_platform_boundary" name="test_api_entrypoint_reaches_legacy_only_through_one_bridge" time="0.006" /><testcase classname="tests.seed.test_platform_boundary" name="test_chat_entrypoints_use_the_legacy_gate" time="0.008" /><testcase classname="tests.seed.test_platform_boundary" name="test_desktop_entrypoint_keeps_transformer_dependencies_opt_in" time="0.011" /><testcase classname="tests.seed.test_platform_boundary" name="test_platform_paths_are_owned_outside_neuroplex" time="0.022" /><testcase classname="tests.seed.test_platform_boundary" name="test_platform_state_has_no_legacy_imports" time="0.083" /><testcase classname="tests.seed.test_platform_boundary" name="test_runtime_status_keeps_legacy_sections_opt_in" time="0.001" /><testcase classname="tests.seed.test_platform_boundary" name="test_platform_auth_has_no_legacy_imports" time="0.081" /><testcase classname="tests.seed.test_platform_boundary" name="test_legacy_bridge_owns_explicit_cortex_routes_and_lifecycle" time="0.001" /><testcase classname="tests.seed.test_platform_boundary" name="test_python_sources_have_no_utf8_bom" time="0.315" /><testcase classname="tests.seed.test_platform_dependencies" name="test_core_manifest_excludes_transformer_and_legacy_packages" time="0.001" /><testcase classname="tests.seed.test_platform_dependencies" name="test_legacy_manifest_is_opt_in" time="0.001" /><testcase classname="tests.seed.test_platform_settings" name="test_settings_roundtrip_is_persistent_and_atomic" time="0.022" /><testcase classname="tests.seed.test_platform_settings" name="test_legacy_settings_import_is_compatibility_export" time="0.001" /><testcase classname="tests.seed.test_platform_settings" name="test_api_routes_use_platform_settings[api/routes_agent_workspace.py]" time="0.005" /><testcase classname="tests.seed.test_platform_settings" name="test_api_routes_use_platform_settings[api/routes_settings.py]" time="0.002" /><testcase classname="tests.seed.test_platform_settings" name="test_api_routes_use_platform_settings[api/routes_terminal.py]" time="0.004" /><testcase classname="tests.seed.test_project_identity" name="test_distribution_and_readme_are_seed" time="0.002" /><testcase classname="tests.seed.test_project_identity" name="test_desktop_build_artifact_is_seed" time="0.001" /><testcase classname="tests.seed.test_project_identity" name="test_legacy_neuroplex_is_explicitly_a_frozen_comparison" time="0.001" /><testcase classname="tests.seed.test_seed_corpus_eval" name="test_panel_matches_the_frozen_a1_contract" time="0.003" /><testcase classname="tests.seed.test_seed_corpus_eval" name="test_evaluation_reports_ppl_panel_scores_and_generation" time="2.982" /><testcase classname="tests.seed.test_seed_corpus_eval" name="test_holdout_hash_split_uses_eval_bucket_not_head" time="0.036" /><testcase classname="tests.seed.test_seed_corpus_eval" name="test_evaluation_records_leakage_metadata" time="2.913" /><testcase classname="tests.seed.test_seed_corpus_pipeline" name="test_corpus_stream_is_raw_bytes_separated_by_boundary_symbols" time="0.013" /><testcase classname="tests.seed.test_seed_corpus_pipeline" name="test_training_run_streams_checkpoints_and_progress" time="1.626" /><testcase classname="tests.seed.test_seed_corpus_pipeline" name="test_training_device_resolution_is_explicit" time="0.002" /><testcase classname="tests.seed.test_seed_corpus_pipeline" name="test_training_loads_an_external_capacity_policy" time="0.005" /><testcase classname="tests.seed.test_seed_environments" name="test_topic_world_satisfies_native_protocol" time="0.001" /><testcase classname="tests.seed.test_seed_environments" name="test_world_transition_depends_on_action" time="0.001" /><testcase classname="tests.seed.test_seed_environments" name="test_forced_switch_prevents_lock_in" time="0.001" /><testcase classname="tests.seed.test_seed_environments" name="test_recency_window_keeps_exploration_moving" time="0.001" /><testcase classname="tests.seed.test_seed_environments" name="test_play_session_runs_standard_sequence_and_reports_stats" time="0.701" /><testcase classname="tests.seed.test_seed_judge" name="test_judge_report_contains_self_referential_signals" time="0.526" /><testcase classname="tests.seed.test_seed_judge" name="test_judge_is_read_only_and_deterministic" time="0.612" /><testcase classname="tests.seed.test_seed_judge" name="test_judge_ranks_learned_text_above_noise" time="0.592" /><testcase classname="tests.seed.test_seed_judge" name="test_local_calibration_learns_weights_from_known_pairs" time="0.502" /><testcase classname="tests.seed.test_seed_judge" name="test_judge_rejects_empty_text" time="0.472" /><testcase classname="tests.seed.test_seed_model" name="test_seed_owns_a_native_taiji_substrate" time="0.018" /><testcase classname="tests.seed.test_seed_model" name="test_seed_checkpoint_wraps_taiji_and_continues_exactly" time="0.045" /><testcase classname="tests.seed.test_seed_model" name="test_seed_rejects_a_bare_taiji_checkpoint" time="0.028" /><testcase classname="tests.seed.test_seed_persistence" name="test_atomic_save_roundtrip" time="0.298" /><testcase classname="tests.seed.test_seed_persistence" name="test_atomic_save_leaves_no_tmp_residue" time="0.076" /><testcase classname="tests.seed.test_seed_persistence" name="test_atomic_save_failure_keeps_previous_version" time="0.094" /><testcase classname="tests.seed.test_seed_persistence" name="test_metadata_attached_and_load_ignores_it" time="0.202" /><testcase classname="tests.seed.test_seed_persistence" name="test_legacy_envelope_without_metadata_still_loads" time="0.170" /><testcase classname="tests.seed.test_seed_persistence" name="test_corpus_fingerprint_detects_size_drift" time="0.003" /><testcase classname="tests.seed.test_seed_sleep" name="test_scheduler_experience_creates_endogenous_episodic_write" time="0.262" /><testcase classname="tests.seed.test_seed_sleep" name="test_scheduler_night_consolidates_and_reports_endogenous_replay" time="0.303" /><testcase classname="tests.seed.test_seed_sleep" name="test_judge_driven_selection_prefers_worse_patterns" time="0.218" /><testcase classname="tests.seed.test_seed_sleep" name="test_sleep_read_only_when_learn_disabled" time="0.219" /><testcase classname="tests.seed.test_verify_metrics_contract" name="test_verify_report_separates_heldout_and_train_fit" time="0.339" /><testcase classname="tests.taiji_native.test_active_environment" name="test_pending_action_is_atomic_and_checkpointed" time="0.122" /><testcase classname="tests.taiji_native.test_active_environment" name="test_reward_modulated_motor_learning_beats_random_and_action_lesion" time="2.917" /><testcase classname="tests.taiji_native.test_architecture_contract" name="test_taiji_owns_an_independent_top_level_namespace" time="0.001" /><testcase classname="tests.taiji_native.test_architecture_contract" name="test_native_core_has_no_legacy_or_sequence_model_dependency" time="0.057" /><testcase classname="tests.taiji_native.test_architecture_contract" name="test_raw_bytes_are_receptors_not_tokenizer_ids" time="0.001" /><testcase classname="tests.taiji_native.test_architecture_contract" name="test_history_is_causal_and_only_explicit_reset_removes_it" time="0.152" /><testcase classname="tests.taiji_native.test_architecture_contract" name="test_learning_is_local_masked_and_has_no_autograd_parameters" time="0.074" /><testcase classname="tests.taiji_native.test_architecture_contract" name="test_motor_receptors_cover_every_cortical_coordinate_once" time="0.056" /><testcase classname="tests.taiji_native.test_architecture_contract" name="test_consolidation_rng_does_not_shift_existing_organs" time="0.105" /><testcase classname="tests.taiji_native.test_architecture_contract" name="test_waking_baseline_is_checkpointed_and_reset_invariant" time="0.125" /><testcase classname="tests.taiji_native.test_architecture_contract" name="test_checkpoint_preserves_learning_state_and_exact_next_step" time="0.121" /><testcase classname="tests.taiji_native.test_context_memory" name="test_temporal_state_solves_ambiguous_second_order_successors" time="8.624" /><testcase classname="tests.taiji_native.test_delayed_memory" name="test_slow_trace_is_necessary_and_sufficient_after_shared_distractors" time="19.457" /><testcase classname="tests.taiji_native.test_endogenous_replay" name="test_replay_reads_the_homeostatic_set_point_without_writing_it" time="0.484" /><testcase classname="tests.taiji_native.test_endogenous_replay" name="test_waking_homeostasis_still_adapts" time="0.064" /><testcase classname="tests.taiji_native.test_endogenous_replay" name="test_consolidation_rewiring_terminates" time="4.481" /><testcase classname="tests.taiji_native.test_endogenous_replay" name="test_consolidation_leaves_the_field_untouched" time="0.388" /><testcase classname="tests.taiji_native.test_episodic_field" name="test_episodic_field_beats_equal_width_trace_only_and_read_lesion" time="1.449" /><testcase classname="tests.taiji_native.test_episodic_field" name="test_action_outcome_experience_is_atomic_and_checkpoint_exact" time="0.116" /><testcase classname="tests.taiji_native.test_episodic_field" name="test_one_event_recalls_action_outcome_value_without_allocating_a_slot" time="0.061" /><testcase classname="tests.taiji_native.test_episodic_field" name="test_recalled_cortical_state_is_fed_back_on_the_next_causal_tick" time="0.224" /><testcase classname="tests.taiji_native.test_experience_safety" name="test_lived_experience_does_not_damage_waking_competence" time="1.696" /><testcase classname="tests.taiji_native.test_long_free_run" name="test_learned_cycle_remains_exact_and_bounded_for_128_free_steps" time="5.251" /><testcase classname="tests.taiji_native.test_naming_boundary_contract" name="test_taiji_substrate_never_imports_legacy_or_transformers" time="0.054" /><testcase classname="tests.taiji_native.test_naming_boundary_contract" name="test_seed_only_composes_the_public_taiji_substrate" time="0.016" /><testcase classname="tests.taiji_native.test_naming_boundary_contract" name="test_legacy_baseline_never_depends_on_seed_or_the_new_substrate" time="0.522" /><testcase classname="tests.taiji_native.test_naming_boundary_contract" name="test_legacy_transformer_block_consumers_stay_closed" time="0.660" /><testcase classname="tests.taiji_native.test_naming_boundary_contract" name="test_new_substrate_does_not_reuse_the_legacy_chinese_name" time="0.002" /><testcase classname="tests.taiji_native.test_sequence_learning" name="test_native_taiji_learns_a_raw_byte_cycle_online" time="5.972" /><testcase classname="tests.taiji_native.test_sparse_kernel" name="test_edge_indexed_kernel_matches_dense_reference_for_all_operators" time="0.002" /><testcase classname="tests.taiji_native.test_sparse_kernel" name="test_local_update_decay_touches_only_presynaptically_silent_edges" time="0.001" /><testcase classname="tests.taiji_native.test_sparse_kernel" name="test_sparse_kernel_stores_only_existing_edges_and_roundtrips" time="0.001" /><testcase classname="tests.taiji_native.test_synapse_longevity" name="test_streaming_training_does_not_evaporate_cortical_synapses" time="23.956" /><testcase classname="tests.taiji_native.test_training_profile" name="test_training_profile_scales_regions_dimensions_and_edge_density" time="0.001" /><testcase classname="tests.taiji_native.test_training_profile" name="test_training_profile_builds_and_steps" time="0.198" /><testcase classname="tests.taiji_native.test_training_profile" name="test_training_profile_rejects_non_positive_scale" time="0.001" /><testcase classname="tests.taiji_native.test_training_profile" name="test_planned_parameter_count_matches_constructed_substrate" time="0.194" /><testcase classname="tests.taiji_native.test_training_profile" name="test_capacity_profile_fits_a_parameter_budget_deterministically" time="0.115" /><testcase classname="tests.taiji_native.test_training_profile" name="test_capacity_profile_rejects_a_budget_below_the_smallest_valid_fabric" time="0.001" /><testcase classname="tests.taiji_native.test_training_profile" name="test_capacity_policy_can_change_depth_and_structural_proportions" time="0.104" /><testcase classname="tests.taiji_native.test_training_profile" name="test_capacity_policy_rejects_invalid_ratios" time="0.001" /><testcase classname="tests.taiji_native.test_training_profile" name="test_capacity_policy_roundtrips_as_external_search_input" time="0.001" /><testcase classname="tests.taiji_native.test_training_profile" name="test_capacity_policy_loads_older_json_without_memory_dimension_ratios" time="0.001" /><testcase classname="tests.taiji_native.test_training_profile" name="test_cuda_substrate_builds_steps_and_keeps_learned_tensors_on_device" time="0.000"><skipped type="pytest.skip" message="CUDA device is not available">E:\Seed\tests\taiji_native\test_training_profile.py:121: CUDA device is not available</skipped></testcase><testcase classname="tests.test_api_health" name="test_health_endpoint_before_background_startup" time="0.039" /><testcase classname="tests.test_api_routes" name="test_runtime_bootstrap_public" time="0.144" /><testcase classname="tests.test_api_routes" name="test_runtime_status" time="0.003" /><testcase classname="tests.test_api_routes" name="test_auth_status_public" time="0.003" /><testcase classname="tests.test_api_routes" name="test_health_endpoint" time="0.017" /><testcase classname="tests.test_api_routes" name="test_openapi_schema_stable" time="0.183" /><testcase classname="tests.test_api_routes" name="test_system_hardware" time="0.005" /><testcase classname="tests.test_api_routes" name="test_system_validate_path_existing_folder" time="0.005" /><testcase classname="tests.test_api_routes" name="test_system_validate_path_missing" time="0.002" /><testcase classname="tests.test_api_routes" name="test_system_validate_path_type_mismatch" time="0.004" /><testcase classname="tests.test_api_routes" name="test_settings_get" time="0.003" /><testcase classname="tests.test_api_routes" name="test_settings_model_rejects_empty_name" time="0.002" /><testcase classname="tests.test_api_routes" name="test_current_model_shape" time="0.003" /><testcase classname="tests.test_api_routes" name="test_memory_status" time="0.003" /><testcase classname="tests.test_api_routes" name="test_memory_refresh" time="0.004" /><testcase classname="tests.test_api_routes" name="test_models_catalog_endpoints[/api/models/installed-models]" time="0.003" /><testcase classname="tests.test_api_routes" name="test_models_catalog_endpoints[/api/models/list-models]" time="0.002" /><testcase classname="tests.test_api_routes" name="test_models_catalog_endpoints[/api/models/downloaded-models]" time="0.002" /><testcase classname="tests.test_api_routes" name="test_models_catalog_endpoints[/api/models/recommend-models]" time="0.002" /><testcase classname="tests.test_api_routes" name="test_models_catalog_endpoints[/api/models/tags-tags]" time="0.002" /><testcase classname="tests.test_api_routes" name="test_models_catalog_endpoints[/api/models/families-families]" time="0.002" /><testcase classname="tests.test_api_routes" name="test_models_info_cortex" time="0.002" /><testcase classname="tests.test_api_routes" name="test_gguf_quants_unsupported" time="0.002" /><testcase classname="tests.test_api_routes" name="test_download_progress_idle" time="0.002" /><testcase classname="tests.test_api_routes" name="test_external_download_rejected" time="0.005" /><testcase classname="tests.test_api_routes" name="test_download_cancel_and_pause_noop" time="0.003" /><testcase classname="tests.test_api_routes" name="test_chat_sessions_list" time="0.002" /><testcase classname="tests.test_api_routes" name="test_chat_history_missing_session_404" time="0.002" /><testcase classname="tests.test_api_routes" name="test_chat_history_rejects_path_traversal" time="0.003" /><testcase classname="tests.test_api_routes" name="test_switch_status" time="0.003" /><testcase classname="tests.test_api_routes" name="test_auth_audit_readable" time="0.002" /><testcase classname="tests.test_api_routes" name="test_workflows_and_plugins_when_legacy_enabled" time="0.004" /><testcase classname="tests.test_continuous_singleton" name="test_singleton_binding_stats_are_finite" time="0.001" /><testcase classname="tests.test_cross_domain_eval" name="test_generation_decoder_follows_shared_general_output_vocab" time="0.001" /><testcase classname="tests.test_cross_domain_eval" name="test_generation_decoder_rejects_an_unknown_output_vocab" time="0.001" /><testcase classname="tests.test_cross_domain_eval" name="test_anchor_reference_loads_only_matching_cross_spec_projections" time="0.012" /><testcase classname="tests.test_dialogue_format.TestBuildDialoguePrompt" name="test_empty_question" time="0.001" /><testcase classname="tests.test_dialogue_format.TestBuildDialoguePrompt" name="test_exact_format" time="0.001" /><testcase classname="tests.test_dialogue_format.TestBuildDialoguePrompt" name="test_structure" time="0.001" /><testcase classname="tests.test_dialogue_format.TestDialoguePromptGuard" name="test_allows_empty_active_nids" time="0.001" /><testcase classname="tests.test_dialogue_format.TestDialoguePromptGuard" name="test_allows_formatted_prompt" time="0.001" /><testcase classname="tests.test_dialogue_format.TestDialoguePromptGuard" name="test_allows_non_dialogue_neuron" time="0.001" /><testcase classname="tests.test_dialogue_format.TestDialoguePromptGuard" name="test_allows_non_zh_domain" time="0.001" /><testcase classname="tests.test_dialogue_format.TestDialoguePromptGuard" name="test_allows_plain_prompt_override" time="0.001" /><testcase classname="tests.test_dialogue_format.TestDialoguePromptGuard" name="test_blocks_bare_prompt_with_dialogue_neuron" time="0.001" /><testcase classname="tests.test_dialogue_format.TestContractInvariant" name="test_build_output_never_triggers_guard" time="0.001" /><testcase classname="tests.test_dialogue_training_contract.TestEffectiveSftMask" name="test_excludes_unaligned_targets_from_loss_denominator" time="0.001" /><testcase classname="tests.test_dialogue_training_contract.TestEffectiveSftMask" name="test_keeps_only_valid_answer_positions" time="0.001" /><testcase classname="tests.test_leader_quality_alignment" name="test_leader_quality_uses_general_to_domain_position_alignment" time="0.106" /><testcase classname="tests.test_leader_quality_alignment" name="test_position_alignment_does_not_repeat_one_domain_piece" time="0.138" /><testcase classname="tests.test_leader_quality_alignment" name="test_domain_generation_reencodes_complete_general_context" time="0.108" /><testcase classname="tests.test_micro_data_ab" name="test_first_token_metric_skips_answer_outside_truncated_window" time="0.001" /><testcase classname="tests.test_micro_data_ab" name="test_hf_mix_selection_is_deterministic_and_hits_requested_ratio" time="0.001" /><testcase classname="tests.test_micro_data_ab" name="test_micro_spec_screen_uses_three_validated_smaller_candidates" time="0.001" /><testcase classname="tests.test_micro_data_ab" name="test_micro_specialist_group_has_explicit_data_roles" time="0.001" /><testcase classname="tests.test_micro_data_ab" name="test_route_canary_keeps_nine_member_baseline_and_two_topk_modes" time="0.001" /><testcase classname="tests.test_micro_data_ab" name="test_external_route_canary_is_separate_from_language_adapter" time="0.001" /><testcase classname="tests.test_micro_data_ab" name="test_fusion_ab_covers_only_read_only_production_modes" time="0.001" /><testcase classname="tests.test_micro_data_ab" name="test_population_subset_ab_preserves_five_plus_four_contract" time="0.001" /><testcase classname="tests.test_neuromodulation_contract" name="test_default_dopamine_keeps_ffn_at_training_baseline" time="0.001" /><testcase classname="tests.test_openapi_snapshot" name="test_openapi_schema_generates" time="0.250" /><testcase classname="tests.test_openapi_snapshot" name="test_openapi_snapshot" time="0.002" /><testcase classname="tests.test_performance_baseline" name="test_model_construction_latency" time="0.025" /><testcase classname="tests.test_performance_baseline" name="test_learn_bytes_throughput" time="7.161" /><testcase classname="tests.test_performance_baseline" name="test_score_bytes_latency" time="1.230" /><testcase classname="tests.test_performance_baseline" name="test_generate_latency" time="0.018" /><testcase classname="tests.test_performance_baseline" name="test_checkpoint_roundtrip_latency" time="0.034" /><testcase classname="tests.test_population_assembly_contract.TestProductionPopulationContract" name="test_default_population_is_five_dialogue_neurons" time="0.001" /><testcase classname="tests.test_population_baseline" name="test_population_baseline_is_deterministic_and_sparse" time="0.162" /><testcase classname="tests.test_population_baseline" name="test_forward_train_without_targets_is_a_valid_probe_path" time="0.010" /><testcase classname="tests.test_seed_product_smoke" name="test_health_reports_seed_active" time="0.109" /><testcase classname="tests.test_seed_product_smoke" name="test_chat_stream_uses_seed_branch" time="1.601" /><testcase classname="tests.test_seed_product_smoke" name="test_chat_stream_with_history" time="2.047" /><testcase classname="tests.test_seed_product_smoke" name="test_switch_model_rejects_unknown_type" time="0.050" /></testsuite></testsuites>